[0.488s] Invoking command in '/root/ros2_ws/src/depth_perception': PYTHONPATH=/root/ros2_ws/build/depth_perception/prefix_override:/usr/lib/python3/dist-packages/colcon_core/task/python/colcon_distutils_commands:/root/ros2_ws/install/depth_perception/lib/python3.12/site-packages:${PYTHONPATH} /usr/bin/python3 -W ignore:setup.py install is deprecated -W ignore:easy_install command is deprecated setup.py egg_info --egg-base ../../build/depth_perception build --build-base /root/ros2_ws/build/depth_perception/build install --record /root/ros2_ws/build/depth_perception/install.log --single-version-externally-managed install_data
[0.691s] running egg_info
[0.741s] writing ../../build/depth_perception/depth_perception.egg-info/PKG-INFO
[0.741s] writing dependency_links to ../../build/depth_perception/depth_perception.egg-info/dependency_links.txt
[0.741s] writing entry points to ../../build/depth_perception/depth_perception.egg-info/entry_points.txt
[0.741s] writing requirements to ../../build/depth_perception/depth_perception.egg-info/requires.txt
[0.741s] writing top-level names to ../../build/depth_perception/depth_perception.egg-info/top_level.txt
[0.762s] reading manifest file '../../build/depth_perception/depth_perception.egg-info/SOURCES.txt'
[0.765s] writing manifest file '../../build/depth_perception/depth_perception.egg-info/SOURCES.txt'
[0.765s] running build
[0.765s] running build_py
[0.765s] copying depth_perception/ground_segmentation_node.py -> /root/ros2_ws/build/depth_perception/build/lib/depth_perception
[0.765s] running install
[0.768s] running install_lib
[0.779s] copying /root/ros2_ws/build/depth_perception/build/lib/depth_perception/ground_segmentation_node.py -> /root/ros2_ws/install/depth_perception/lib/python3.12/site-packages/depth_perception
[0.780s] byte-compiling /root/ros2_ws/install/depth_perception/lib/python3.12/site-packages/depth_perception/ground_segmentation_node.py to ground_segmentation_node.cpython-312.pyc
[0.781s] running install_data
[0.781s] running install_egg_info
[0.792s] removing '/root/ros2_ws/install/depth_perception/lib/python3.12/site-packages/depth_perception-0.0.1-py3.12.egg-info' (and everything under it)
[0.793s] Copying ../../build/depth_perception/depth_perception.egg-info to /root/ros2_ws/install/depth_perception/lib/python3.12/site-packages/depth_perception-0.0.1-py3.12.egg-info
[0.795s] running install_scripts
[0.826s] Installing depth_node script to /root/ros2_ws/install/depth_perception/lib/depth_perception
[0.827s] Installing ground_segmentation_node script to /root/ros2_ws/install/depth_perception/lib/depth_perception
[0.831s] writing list of installed files to '/root/ros2_ws/build/depth_perception/install.log'
[0.847s] Invoked command in '/root/ros2_ws/src/depth_perception' returned '0': PYTHONPATH=/root/ros2_ws/build/depth_perception/prefix_override:/usr/lib/python3/dist-packages/colcon_core/task/python/colcon_distutils_commands:/root/ros2_ws/install/depth_perception/lib/python3.12/site-packages:${PYTHONPATH} /usr/bin/python3 -W ignore:setup.py install is deprecated -W ignore:easy_install command is deprecated setup.py egg_info --egg-base ../../build/depth_perception build --build-base /root/ros2_ws/build/depth_perception/build install --record /root/ros2_ws/build/depth_perception/install.log --single-version-externally-managed install_data
