running egg_info
creating ../../build/yolo_detector/yolo_detector.egg-info
writing ../../build/yolo_detector/yolo_detector.egg-info/PKG-INFO
writing dependency_links to ../../build/yolo_detector/yolo_detector.egg-info/dependency_links.txt
writing entry points to ../../build/yolo_detector/yolo_detector.egg-info/entry_points.txt
writing requirements to ../../build/yolo_detector/yolo_detector.egg-info/requires.txt
writing top-level names to ../../build/yolo_detector/yolo_detector.egg-info/top_level.txt
writing manifest file '../../build/yolo_detector/yolo_detector.egg-info/SOURCES.txt'
reading manifest file '../../build/yolo_detector/yolo_detector.egg-info/SOURCES.txt'
writing manifest file '../../build/yolo_detector/yolo_detector.egg-info/SOURCES.txt'
running build
running build_py
creating /root/ros2_ws/build/yolo_detector/build
creating /root/ros2_ws/build/yolo_detector/build/lib
creating /root/ros2_ws/build/yolo_detector/build/lib/yolo_detector
copying yolo_detector/detector_node.py -> /root/ros2_ws/build/yolo_detector/build/lib/yolo_detector
copying yolo_detector/__init__.py -> /root/ros2_ws/build/yolo_detector/build/lib/yolo_detector
running install
running install_lib
creating /root/ros2_ws/install/yolo_detector/lib/python3.12/site-packages/yolo_detector
copying /root/ros2_ws/build/yolo_detector/build/lib/yolo_detector/detector_node.py -> /root/ros2_ws/install/yolo_detector/lib/python3.12/site-packages/yolo_detector
copying /root/ros2_ws/build/yolo_detector/build/lib/yolo_detector/__init__.py -> /root/ros2_ws/install/yolo_detector/lib/python3.12/site-packages/yolo_detector
byte-compiling /root/ros2_ws/install/yolo_detector/lib/python3.12/site-packages/yolo_detector/detector_node.py to detector_node.cpython-312.pyc
byte-compiling /root/ros2_ws/install/yolo_detector/lib/python3.12/site-packages/yolo_detector/__init__.py to __init__.cpython-312.pyc
running install_data
creating /root/ros2_ws/install/yolo_detector/share/ament_index
creating /root/ros2_ws/install/yolo_detector/share/ament_index/resource_index
creating /root/ros2_ws/install/yolo_detector/share/ament_index/resource_index/packages
copying resource/yolo_detector -> /root/ros2_ws/install/yolo_detector/share/ament_index/resource_index/packages
copying package.xml -> /root/ros2_ws/install/yolo_detector/share/yolo_detector
creating /root/ros2_ws/install/yolo_detector/share/yolo_detector/launch
copying launch/yolo.launch.py -> /root/ros2_ws/install/yolo_detector/share/yolo_detector/launch
running install_egg_info
Copying ../../build/yolo_detector/yolo_detector.egg-info to /root/ros2_ws/install/yolo_detector/lib/python3.12/site-packages/yolo_detector-0.0.1-py3.12.egg-info
running install_scripts
Installing detector_node script to /root/ros2_ws/install/yolo_detector/lib/yolo_detector
writing list of installed files to '/root/ros2_ws/build/yolo_detector/install.log'
