[0.689s] Invoking command in '/root/ros2_ws/src/yolo_detector': AMENT_PREFIX_PATH=/root/ros2_ws/install/perception_msgs:${AMENT_PREFIX_PATH} CMAKE_PREFIX_PATH=/root/ros2_ws/install/perception_msgs:${CMAKE_PREFIX_PATH} LD_LIBRARY_PATH=/root/ros2_ws/install/perception_msgs/lib:${LD_LIBRARY_PATH} PYTHONPATH=/root/ros2_ws/build/yolo_detector/prefix_override:/usr/lib/python3/dist-packages/colcon_core/task/python/colcon_distutils_commands:/root/ros2_ws/install/yolo_detector/lib/python3.12/site-packages:/root/ros2_ws/install/perception_msgs/lib/python3.12/site-packages:${PYTHONPATH} /usr/bin/python3 -W ignore:setup.py install is deprecated -W ignore:easy_install command is deprecated setup.py egg_info --egg-base ../../build/yolo_detector build --build-base /root/ros2_ws/build/yolo_detector/build install --record /root/ros2_ws/build/yolo_detector/install.log --single-version-externally-managed install_data
[0.831s] running egg_info
[0.832s] creating ../../build/yolo_detector/yolo_detector.egg-info
[0.884s] writing ../../build/yolo_detector/yolo_detector.egg-info/PKG-INFO
[0.885s] writing dependency_links to ../../build/yolo_detector/yolo_detector.egg-info/dependency_links.txt
[0.885s] writing entry points to ../../build/yolo_detector/yolo_detector.egg-info/entry_points.txt
[0.885s] writing requirements to ../../build/yolo_detector/yolo_detector.egg-info/requires.txt
[0.885s] writing top-level names to ../../build/yolo_detector/yolo_detector.egg-info/top_level.txt
[0.885s] writing manifest file '../../build/yolo_detector/yolo_detector.egg-info/SOURCES.txt'
[0.905s] reading manifest file '../../build/yolo_detector/yolo_detector.egg-info/SOURCES.txt'
[0.906s] writing manifest file '../../build/yolo_detector/yolo_detector.egg-info/SOURCES.txt'
[0.906s] running build
[0.906s] running build_py
[0.906s] creating /root/ros2_ws/build/yolo_detector/build
[0.907s] creating /root/ros2_ws/build/yolo_detector/build/lib
[0.907s] creating /root/ros2_ws/build/yolo_detector/build/lib/yolo_detector
[0.907s] copying yolo_detector/detector_node.py -> /root/ros2_ws/build/yolo_detector/build/lib/yolo_detector
[0.907s] copying yolo_detector/__init__.py -> /root/ros2_ws/build/yolo_detector/build/lib/yolo_detector
[0.908s] running install
[0.911s] running install_lib
[0.921s] creating /root/ros2_ws/install/yolo_detector/lib/python3.12/site-packages/yolo_detector
[0.922s] copying /root/ros2_ws/build/yolo_detector/build/lib/yolo_detector/detector_node.py -> /root/ros2_ws/install/yolo_detector/lib/python3.12/site-packages/yolo_detector
[0.922s] copying /root/ros2_ws/build/yolo_detector/build/lib/yolo_detector/__init__.py -> /root/ros2_ws/install/yolo_detector/lib/python3.12/site-packages/yolo_detector
[0.923s] byte-compiling /root/ros2_ws/install/yolo_detector/lib/python3.12/site-packages/yolo_detector/detector_node.py to detector_node.cpython-312.pyc
[0.923s] byte-compiling /root/ros2_ws/install/yolo_detector/lib/python3.12/site-packages/yolo_detector/__init__.py to __init__.cpython-312.pyc
[0.924s] running install_data
[0.924s] creating /root/ros2_ws/install/yolo_detector/share/ament_index
[0.924s] creating /root/ros2_ws/install/yolo_detector/share/ament_index/resource_index
[0.924s] creating /root/ros2_ws/install/yolo_detector/share/ament_index/resource_index/packages
[0.924s] copying resource/yolo_detector -> /root/ros2_ws/install/yolo_detector/share/ament_index/resource_index/packages
[0.925s] copying package.xml -> /root/ros2_ws/install/yolo_detector/share/yolo_detector
[0.925s] creating /root/ros2_ws/install/yolo_detector/share/yolo_detector/launch
[0.925s] copying launch/yolo.launch.py -> /root/ros2_ws/install/yolo_detector/share/yolo_detector/launch
[0.925s] running install_egg_info
[0.938s] Copying ../../build/yolo_detector/yolo_detector.egg-info to /root/ros2_ws/install/yolo_detector/lib/python3.12/site-packages/yolo_detector-0.0.1-py3.12.egg-info
[0.938s] running install_scripts
[0.972s] Installing detector_node script to /root/ros2_ws/install/yolo_detector/lib/yolo_detector
[0.974s] writing list of installed files to '/root/ros2_ws/build/yolo_detector/install.log'
[0.994s] Invoked command in '/root/ros2_ws/src/yolo_detector' returned '0': AMENT_PREFIX_PATH=/root/ros2_ws/install/perception_msgs:${AMENT_PREFIX_PATH} CMAKE_PREFIX_PATH=/root/ros2_ws/install/perception_msgs:${CMAKE_PREFIX_PATH} LD_LIBRARY_PATH=/root/ros2_ws/install/perception_msgs/lib:${LD_LIBRARY_PATH} PYTHONPATH=/root/ros2_ws/build/yolo_detector/prefix_override:/usr/lib/python3/dist-packages/colcon_core/task/python/colcon_distutils_commands:/root/ros2_ws/install/yolo_detector/lib/python3.12/site-packages:/root/ros2_ws/install/perception_msgs/lib/python3.12/site-packages:${PYTHONPATH} /usr/bin/python3 -W ignore:setup.py install is deprecated -W ignore:easy_install command is deprecated setup.py egg_info --egg-base ../../build/yolo_detector build --build-base /root/ros2_ws/build/yolo_detector/build install --record /root/ros2_ws/build/yolo_detector/install.log --single-version-externally-managed install_data
