[0.490s] Invoking command in '/root/ros2_ws/src/depth_perception': PYTHONPATH=/root/ros2_ws/build/depth_perception/prefix_override:/usr/lib/python3/dist-packages/colcon_core/task/python/colcon_distutils_commands:/root/ros2_ws/install/depth_perception/lib/python3.12/site-packages:${PYTHONPATH} /usr/bin/python3 -W ignore:setup.py install is deprecated -W ignore:easy_install command is deprecated setup.py egg_info --egg-base ../../build/depth_perception build --build-base /root/ros2_ws/build/depth_perception/build install --record /root/ros2_ws/build/depth_perception/install.log --single-version-externally-managed install_data
[0.634s] running egg_info
[0.634s] creating ../../build/depth_perception/depth_perception.egg-info
[0.691s] writing ../../build/depth_perception/depth_perception.egg-info/PKG-INFO
[0.691s] writing dependency_links to ../../build/depth_perception/depth_perception.egg-info/dependency_links.txt
[0.691s] writing requirements to ../../build/depth_perception/depth_perception.egg-info/requires.txt
[0.691s] writing top-level names to ../../build/depth_perception/depth_perception.egg-info/top_level.txt
[0.691s] writing manifest file '../../build/depth_perception/depth_perception.egg-info/SOURCES.txt'
[0.713s] reading manifest file '../../build/depth_perception/depth_perception.egg-info/SOURCES.txt'
[0.714s] writing manifest file '../../build/depth_perception/depth_perception.egg-info/SOURCES.txt'
[0.714s] running build
[0.714s] running build_py
[0.714s] creating /root/ros2_ws/build/depth_perception/build
[0.714s] creating /root/ros2_ws/build/depth_perception/build/lib
[0.715s] creating /root/ros2_ws/build/depth_perception/build/lib/depth_perception
[0.715s] copying depth_perception/depth_node.py -> /root/ros2_ws/build/depth_perception/build/lib/depth_perception
[0.715s] copying depth_perception/__init__.py -> /root/ros2_ws/build/depth_perception/build/lib/depth_perception
[0.718s] running install
[0.720s] running install_lib
[0.733s] creating /root/ros2_ws/install/depth_perception/lib/python3.12/site-packages/depth_perception
[0.734s] copying /root/ros2_ws/build/depth_perception/build/lib/depth_perception/depth_node.py -> /root/ros2_ws/install/depth_perception/lib/python3.12/site-packages/depth_perception
[0.734s] copying /root/ros2_ws/build/depth_perception/build/lib/depth_perception/__init__.py -> /root/ros2_ws/install/depth_perception/lib/python3.12/site-packages/depth_perception
[0.734s] byte-compiling /root/ros2_ws/install/depth_perception/lib/python3.12/site-packages/depth_perception/depth_node.py to depth_node.cpython-312.pyc
[0.734s] byte-compiling /root/ros2_ws/install/depth_perception/lib/python3.12/site-packages/depth_perception/__init__.py to __init__.cpython-312.pyc
[0.734s] running install_data
[0.734s] creating /root/ros2_ws/install/depth_perception/share/ament_index
[0.734s] creating /root/ros2_ws/install/depth_perception/share/ament_index/resource_index
[0.734s] creating /root/ros2_ws/install/depth_perception/share/ament_index/resource_index/packages
[0.734s] copying resource/depth_perception -> /root/ros2_ws/install/depth_perception/share/ament_index/resource_index/packages
[0.734s] copying package.xml -> /root/ros2_ws/install/depth_perception/share/depth_perception
[0.734s] running install_egg_info
[0.748s] Copying ../../build/depth_perception/depth_perception.egg-info to /root/ros2_ws/install/depth_perception/lib/python3.12/site-packages/depth_perception-0.0.0-py3.12.egg-info
[0.749s] running install_scripts
[0.784s] writing list of installed files to '/root/ros2_ws/build/depth_perception/install.log'
[0.806s] Invoked command in '/root/ros2_ws/src/depth_perception' returned '0': PYTHONPATH=/root/ros2_ws/build/depth_perception/prefix_override:/usr/lib/python3/dist-packages/colcon_core/task/python/colcon_distutils_commands:/root/ros2_ws/install/depth_perception/lib/python3.12/site-packages:${PYTHONPATH} /usr/bin/python3 -W ignore:setup.py install is deprecated -W ignore:easy_install command is deprecated setup.py egg_info --egg-base ../../build/depth_perception build --build-base /root/ros2_ws/build/depth_perception/build install --record /root/ros2_ws/build/depth_perception/install.log --single-version-externally-managed install_data
