[0.541s] Invoking command in '/root/ros2_ws/src/yolo_detector': AMENT_PREFIX_PATH=/root/ros2_ws/install/perception_msgs:${AMENT_PREFIX_PATH} CMAKE_PREFIX_PATH=/root/ros2_ws/install/perception_msgs:${CMAKE_PREFIX_PATH} LD_LIBRARY_PATH=/root/ros2_ws/install/perception_msgs/lib:${LD_LIBRARY_PATH} PS1=(yolo_venv) \[\e]0;\u@\h: \w\a\]${debian_chroot:+($debian_chroot)}\u@\h:\w\$ PYTHONPATH=/root/ros2_ws/build/yolo_detector/prefix_override:/usr/lib/python3/dist-packages/colcon_core/task/python/colcon_distutils_commands:/root/ros2_ws/install/yolo_detector/lib/python3.12/site-packages:/root/ros2_ws/install/perception_msgs/lib/python3.12/site-packages:${PYTHONPATH} VIRTUAL_ENV_PROMPT=(yolo_venv) /usr/bin/python3 -W ignore:setup.py install is deprecated -W ignore:easy_install command is deprecated setup.py egg_info --egg-base ../../build/yolo_detector build --build-base /root/ros2_ws/build/yolo_detector/build install --record /root/ros2_ws/build/yolo_detector/install.log --single-version-externally-managed install_data
[0.697s] running egg_info
[0.739s] writing ../../build/yolo_detector/yolo_detector.egg-info/PKG-INFO
[0.740s] writing dependency_links to ../../build/yolo_detector/yolo_detector.egg-info/dependency_links.txt
[0.740s] writing entry points to ../../build/yolo_detector/yolo_detector.egg-info/entry_points.txt
[0.740s] writing requirements to ../../build/yolo_detector/yolo_detector.egg-info/requires.txt
[0.740s] writing top-level names to ../../build/yolo_detector/yolo_detector.egg-info/top_level.txt
[0.763s] reading manifest file '../../build/yolo_detector/yolo_detector.egg-info/SOURCES.txt'
[0.764s] writing manifest file '../../build/yolo_detector/yolo_detector.egg-info/SOURCES.txt'
[0.764s] running build
[0.765s] running build_py
[0.765s] running install
[0.768s] running install_lib
[0.780s] running install_data
[0.780s] running install_egg_info
[0.789s] removing '/root/ros2_ws/install/yolo_detector/lib/python3.12/site-packages/yolo_detector-0.0.1-py3.12.egg-info' (and everything under it)
[0.790s] Copying ../../build/yolo_detector/yolo_detector.egg-info to /root/ros2_ws/install/yolo_detector/lib/python3.12/site-packages/yolo_detector-0.0.1-py3.12.egg-info
[0.790s] running install_scripts
[0.821s] Installing detector_node script to /root/ros2_ws/install/yolo_detector/lib/yolo_detector
[0.821s] writing list of installed files to '/root/ros2_ws/build/yolo_detector/install.log'
[0.848s] Invoked command in '/root/ros2_ws/src/yolo_detector' returned '0': AMENT_PREFIX_PATH=/root/ros2_ws/install/perception_msgs:${AMENT_PREFIX_PATH} CMAKE_PREFIX_PATH=/root/ros2_ws/install/perception_msgs:${CMAKE_PREFIX_PATH} LD_LIBRARY_PATH=/root/ros2_ws/install/perception_msgs/lib:${LD_LIBRARY_PATH} PS1=(yolo_venv) \[\e]0;\u@\h: \w\a\]${debian_chroot:+($debian_chroot)}\u@\h:\w\$ PYTHONPATH=/root/ros2_ws/build/yolo_detector/prefix_override:/usr/lib/python3/dist-packages/colcon_core/task/python/colcon_distutils_commands:/root/ros2_ws/install/yolo_detector/lib/python3.12/site-packages:/root/ros2_ws/install/perception_msgs/lib/python3.12/site-packages:${PYTHONPATH} VIRTUAL_ENV_PROMPT=(yolo_venv) /usr/bin/python3 -W ignore:setup.py install is deprecated -W ignore:easy_install command is deprecated setup.py egg_info --egg-base ../../build/yolo_detector build --build-base /root/ros2_ws/build/yolo_detector/build install --record /root/ros2_ws/build/yolo_detector/install.log --single-version-externally-managed install_data
