[0.482s] Invoking command in '/root/ros2_ws/src/yolo_detector': AMENT_PREFIX_PATH=/root/ros2_ws/install/perception_msgs:${AMENT_PREFIX_PATH} CMAKE_PREFIX_PATH=/root/ros2_ws/install/perception_msgs:${CMAKE_PREFIX_PATH} LD_LIBRARY_PATH=/root/ros2_ws/install/perception_msgs/lib:${LD_LIBRARY_PATH} PYTHONPATH=/root/ros2_ws/build/yolo_detector/prefix_override:/usr/lib/python3/dist-packages/colcon_core/task/python/colcon_distutils_commands:/root/ros2_ws/install/yolo_detector/lib/python3.12/site-packages:/root/ros2_ws/install/perception_msgs/lib/python3.12/site-packages:${PYTHONPATH} /usr/bin/python3 -W ignore:setup.py install is deprecated -W ignore:easy_install command is deprecated setup.py egg_info --egg-base ../../build/yolo_detector build --build-base /root/ros2_ws/build/yolo_detector/build install --record /root/ros2_ws/build/yolo_detector/install.log --single-version-externally-managed install_data
[0.647s] running egg_info
[0.703s] writing ../../build/yolo_detector/yolo_detector.egg-info/PKG-INFO
[0.703s] writing dependency_links to ../../build/yolo_detector/yolo_detector.egg-info/dependency_links.txt
[0.704s] writing entry points to ../../build/yolo_detector/yolo_detector.egg-info/entry_points.txt
[0.704s] writing requirements to ../../build/yolo_detector/yolo_detector.egg-info/requires.txt
[0.704s] writing top-level names to ../../build/yolo_detector/yolo_detector.egg-info/top_level.txt
[0.724s] reading manifest file '../../build/yolo_detector/yolo_detector.egg-info/SOURCES.txt'
[0.725s] writing manifest file '../../build/yolo_detector/yolo_detector.egg-info/SOURCES.txt'
[0.725s] running build
[0.725s] running build_py
[0.725s] running install
[0.729s] running install_lib
[0.740s] running install_data
[0.740s] running install_egg_info
[0.752s] removing '/root/ros2_ws/install/yolo_detector/lib/python3.12/site-packages/yolo_detector-0.0.1-py3.12.egg-info' (and everything under it)
[0.752s] Copying ../../build/yolo_detector/yolo_detector.egg-info to /root/ros2_ws/install/yolo_detector/lib/python3.12/site-packages/yolo_detector-0.0.1-py3.12.egg-info
[0.752s] running install_scripts
[0.784s] Installing detector_node script to /root/ros2_ws/install/yolo_detector/lib/yolo_detector
[0.784s] writing list of installed files to '/root/ros2_ws/build/yolo_detector/install.log'
[0.808s] Invoked command in '/root/ros2_ws/src/yolo_detector' returned '0': AMENT_PREFIX_PATH=/root/ros2_ws/install/perception_msgs:${AMENT_PREFIX_PATH} CMAKE_PREFIX_PATH=/root/ros2_ws/install/perception_msgs:${CMAKE_PREFIX_PATH} LD_LIBRARY_PATH=/root/ros2_ws/install/perception_msgs/lib:${LD_LIBRARY_PATH} PYTHONPATH=/root/ros2_ws/build/yolo_detector/prefix_override:/usr/lib/python3/dist-packages/colcon_core/task/python/colcon_distutils_commands:/root/ros2_ws/install/yolo_detector/lib/python3.12/site-packages:/root/ros2_ws/install/perception_msgs/lib/python3.12/site-packages:${PYTHONPATH} /usr/bin/python3 -W ignore:setup.py install is deprecated -W ignore:easy_install command is deprecated setup.py egg_info --egg-base ../../build/yolo_detector build --build-base /root/ros2_ws/build/yolo_detector/build install --record /root/ros2_ws/build/yolo_detector/install.log --single-version-externally-managed install_data
