-- The C compiler identification is GNU 13.3.0
-- The CXX compiler identification is GNU 13.3.0
-- Detecting C compiler ABI info
-- Detecting C compiler ABI info - done
-- Check for working C compiler: /usr/bin/cc - skipped
-- Detecting C compile features
-- Detecting C compile features - done
-- Detecting CXX compiler ABI info
-- Detecting CXX compiler ABI info - done
-- Check for working CXX compiler: /usr/bin/c++ - skipped
-- Detecting CXX compile features
-- Detecting CXX compile features - done
-- Found ament_cmake: 2.5.6 (/opt/ros/jazzy/share/ament_cmake/cmake)
-- Found Python3: /usr/bin/python3 (found version "3.12.3") found components: Interpreter 
-- Found std_msgs: 5.3.7 (/opt/ros/jazzy/share/std_msgs/cmake)
-- Found rosidl_generator_c: 4.6.7 (/opt/ros/jazzy/share/rosidl_generator_c/cmake)
-- Found rosidl_generator_cpp: 4.6.7 (/opt/ros/jazzy/share/rosidl_generator_cpp/cmake)
-- Using all available rosidl_typesupport_c: rosidl_typesupport_fastrtps_c;rosidl_typesupport_introspection_c
-- Using all available rosidl_typesupport_cpp: rosidl_typesupport_fastrtps_cpp;rosidl_typesupport_introspection_cpp
-- Found sensor_msgs: 5.3.7 (/opt/ros/jazzy/share/sensor_msgs/cmake)
-- Found ament_lint_auto: 0.17.5 (/opt/ros/jazzy/share/ament_lint_auto/cmake)
-- Configuring done (0.8s)
-- Generating done (0.0s)
-- Build files have been written to: /root/ros2_ws/build/perception_msgs
-- Install configuration: ""
-- Installing: /root/ros2_ws/install/perception_msgs/share/ament_index/resource_index/package_run_dependencies/perception_msgs
-- Installing: /root/ros2_ws/install/perception_msgs/share/ament_index/resource_index/parent_prefix_path/perception_msgs
-- Installing: /root/ros2_ws/install/perception_msgs/share/perception_msgs/environment/ament_prefix_path.sh
-- Installing: /root/ros2_ws/install/perception_msgs/share/perception_msgs/environment/ament_prefix_path.dsv
-- Installing: /root/ros2_ws/install/perception_msgs/share/perception_msgs/environment/path.sh
-- Installing: /root/ros2_ws/install/perception_msgs/share/perception_msgs/environment/path.dsv
-- Installing: /root/ros2_ws/install/perception_msgs/share/perception_msgs/local_setup.bash
-- Installing: /root/ros2_ws/install/perception_msgs/share/perception_msgs/local_setup.sh
-- Installing: /root/ros2_ws/install/perception_msgs/share/perception_msgs/local_setup.zsh
-- Installing: /root/ros2_ws/install/perception_msgs/share/perception_msgs/local_setup.dsv
-- Installing: /root/ros2_ws/install/perception_msgs/share/perception_msgs/package.dsv
-- Installing: /root/ros2_ws/install/perception_msgs/share/ament_index/resource_index/packages/perception_msgs
-- Installing: /root/ros2_ws/install/perception_msgs/share/perception_msgs/cmake/perception_msgsConfig.cmake
-- Installing: /root/ros2_ws/install/perception_msgs/share/perception_msgs/cmake/perception_msgsConfig-version.cmake
-- Installing: /root/ros2_ws/install/perception_msgs/share/perception_msgs/package.xml
