[0.012s] Invoking command in '/root/ros2_ws/build/perception_msgs': CMAKE_PREFIX_PATH=${CMAKE_PREFIX_PATH}:/opt/ros/jazzy /usr/bin/cmake /root/ros2_ws/src/perception_msgs -DCMAKE_INSTALL_PREFIX=/root/ros2_ws/install/perception_msgs
[0.097s] -- The C compiler identification is GNU 13.3.0
[0.162s] -- The CXX compiler identification is GNU 13.3.0
[0.175s] -- Detecting C compiler ABI info
[0.238s] -- Detecting C compiler ABI info - done
[0.243s] -- Check for working C compiler: /usr/bin/cc - skipped
[0.243s] -- Detecting C compile features
[0.243s] -- Detecting C compile features - done
[0.249s] -- Detecting CXX compiler ABI info
[0.307s] -- Detecting CXX compiler ABI info - done
[0.312s] -- Check for working CXX compiler: /usr/bin/c++ - skipped
[0.312s] -- Detecting CXX compile features
[0.313s] -- Detecting CXX compile features - done
[0.323s] -- Found ament_cmake: 2.5.6 (/opt/ros/jazzy/share/ament_cmake/cmake)
[0.417s] -- Found Python3: /usr/bin/python3 (found version "3.12.3") found components: Interpreter 
[0.522s] -- Found std_msgs: 5.3.7 (/opt/ros/jazzy/share/std_msgs/cmake)
[0.580s] -- Found rosidl_generator_c: 4.6.7 (/opt/ros/jazzy/share/rosidl_generator_c/cmake)
[0.596s] -- Found rosidl_generator_cpp: 4.6.7 (/opt/ros/jazzy/share/rosidl_generator_cpp/cmake)
[0.618s] -- Using all available rosidl_typesupport_c: rosidl_typesupport_fastrtps_c;rosidl_typesupport_introspection_c
[0.640s] -- Using all available rosidl_typesupport_cpp: rosidl_typesupport_fastrtps_cpp;rosidl_typesupport_introspection_cpp
[0.677s] -- Found sensor_msgs: 5.3.7 (/opt/ros/jazzy/share/sensor_msgs/cmake)
[0.735s] -- Found ament_lint_auto: 0.17.5 (/opt/ros/jazzy/share/ament_lint_auto/cmake)
[0.789s] -- Configuring done (0.8s)
[0.794s] -- Generating done (0.0s)
[0.797s] -- Build files have been written to: /root/ros2_ws/build/perception_msgs
[0.803s] Invoked command in '/root/ros2_ws/build/perception_msgs' returned '0': CMAKE_PREFIX_PATH=${CMAKE_PREFIX_PATH}:/opt/ros/jazzy /usr/bin/cmake /root/ros2_ws/src/perception_msgs -DCMAKE_INSTALL_PREFIX=/root/ros2_ws/install/perception_msgs
[0.804s] Invoking command in '/root/ros2_ws/build/perception_msgs': CMAKE_PREFIX_PATH=${CMAKE_PREFIX_PATH}:/opt/ros/jazzy /usr/bin/cmake --build /root/ros2_ws/build/perception_msgs -- -j12 -l12
[0.829s] Invoked command in '/root/ros2_ws/build/perception_msgs' returned '0': CMAKE_PREFIX_PATH=${CMAKE_PREFIX_PATH}:/opt/ros/jazzy /usr/bin/cmake --build /root/ros2_ws/build/perception_msgs -- -j12 -l12
[0.835s] Invoking command in '/root/ros2_ws/build/perception_msgs': CMAKE_PREFIX_PATH=${CMAKE_PREFIX_PATH}:/opt/ros/jazzy /usr/bin/cmake --install /root/ros2_ws/build/perception_msgs
[0.839s] -- Install configuration: ""
[0.840s] -- Installing: /root/ros2_ws/install/perception_msgs/share/ament_index/resource_index/package_run_dependencies/perception_msgs
[0.841s] -- Installing: /root/ros2_ws/install/perception_msgs/share/ament_index/resource_index/parent_prefix_path/perception_msgs
[0.842s] -- Installing: /root/ros2_ws/install/perception_msgs/share/perception_msgs/environment/ament_prefix_path.sh
[0.842s] -- Installing: /root/ros2_ws/install/perception_msgs/share/perception_msgs/environment/ament_prefix_path.dsv
[0.842s] -- Installing: /root/ros2_ws/install/perception_msgs/share/perception_msgs/environment/path.sh
[0.842s] -- Installing: /root/ros2_ws/install/perception_msgs/share/perception_msgs/environment/path.dsv
[0.842s] -- Installing: /root/ros2_ws/install/perception_msgs/share/perception_msgs/local_setup.bash
[0.842s] -- Installing: /root/ros2_ws/install/perception_msgs/share/perception_msgs/local_setup.sh
[0.842s] -- Installing: /root/ros2_ws/install/perception_msgs/share/perception_msgs/local_setup.zsh
[0.842s] -- Installing: /root/ros2_ws/install/perception_msgs/share/perception_msgs/local_setup.dsv
[0.843s] -- Installing: /root/ros2_ws/install/perception_msgs/share/perception_msgs/package.dsv
[0.843s] -- Installing: /root/ros2_ws/install/perception_msgs/share/ament_index/resource_index/packages/perception_msgs
[0.843s] -- Installing: /root/ros2_ws/install/perception_msgs/share/perception_msgs/cmake/perception_msgsConfig.cmake
[0.843s] -- Installing: /root/ros2_ws/install/perception_msgs/share/perception_msgs/cmake/perception_msgsConfig-version.cmake
[0.843s] -- Installing: /root/ros2_ws/install/perception_msgs/share/perception_msgs/package.xml
[0.845s] Invoked command in '/root/ros2_ws/build/perception_msgs' returned '0': CMAKE_PREFIX_PATH=${CMAKE_PREFIX_PATH}:/opt/ros/jazzy /usr/bin/cmake --install /root/ros2_ws/build/perception_msgs
