-- Found ament_cmake: 2.5.6 (/opt/ros/jazzy/share/ament_cmake/cmake)
-- Found rosidl_default_generators: 1.6.0 (/opt/ros/jazzy/share/rosidl_default_generators/cmake)
-- Using all available rosidl_typesupport_c: rosidl_typesupport_fastrtps_c;rosidl_typesupport_introspection_c
-- Using all available rosidl_typesupport_cpp: rosidl_typesupport_fastrtps_cpp;rosidl_typesupport_introspection_cpp
-- Found rosidl_adapter: 4.6.7 (/opt/ros/jazzy/share/rosidl_adapter/cmake)
-- Found std_msgs: 5.3.7 (/opt/ros/jazzy/share/std_msgs/cmake)
-- Found sensor_msgs: 5.3.7 (/opt/ros/jazzy/share/sensor_msgs/cmake)
-- Found ament_cmake_ros: 0.12.0 (/opt/ros/jazzy/share/ament_cmake_ros/cmake)
-- Using all available rosidl_typesupport_c: rosidl_typesupport_fastrtps_c;rosidl_typesupport_introspection_c
-- Using all available rosidl_typesupport_cpp: rosidl_typesupport_fastrtps_cpp;rosidl_typesupport_introspection_cpp
-- Found python_cmake_module: 0.11.1 (/opt/ros/jazzy/share/python_cmake_module/cmake)
-- Found PythonExtra: /usr/bin/python3  
-- Found Python3: /usr/bin/python3 (found version "3.12.3") found components: Interpreter Development NumPy Development.Module Development.Embed 
-- Found Python3: /usr/bin/python3 (found version "3.12.3") found components: Interpreter 
-- Configuring done (1.5s)
-- Generating done (0.0s)
-- Build files have been written to: /root/ros2_ws/build/perception_msgs
[  2%] [34m[1mGenerating type hashes for ROS interfaces[0m
[  4%] [34m[1mGenerating Rust code for ROS interfaces[0m
[  4%] Built target ament_cmake_python_copy_perception_msgs
[  4%] Built target perception_msgs__rosidl_generator_type_description
[  6%] [34m[1mGenerating C code for ROS interfaces[0m
[  6%] Built target perception_msgs__rs
running egg_info
creating perception_msgs.egg-info
[  8%] [34m[1mGenerating C++ code for ROS interfaces[0m
[  8%] Built target perception_msgs__cpp
[ 11%] [32mBuilding C object CMakeFiles/perception_msgs__rosidl_generator_c.dir/rosidl_generator_c/perception_msgs/msg/detail/detection__description.c.o[0m
[ 13%] [32mBuilding C object CMakeFiles/perception_msgs__rosidl_generator_c.dir/rosidl_generator_c/perception_msgs/msg/detail/detection__functions.c.o[0m
writing perception_msgs.egg-info/PKG-INFO
writing dependency_links to perception_msgs.egg-info/dependency_links.txt
[ 15%] [32mBuilding C object CMakeFiles/perception_msgs__rosidl_generator_c.dir/rosidl_generator_c/perception_msgs/msg/detail/detection_array__description.c.o[0m
writing top-level names to perception_msgs.egg-info/top_level.txt
writing manifest file 'perception_msgs.egg-info/SOURCES.txt'
[ 20%] [32mBuilding C object CMakeFiles/perception_msgs__rosidl_generator_c.dir/rosidl_generator_c/perception_msgs/msg/detail/detection__type_support.c.o[0m
[ 20%] [32mBuilding C object CMakeFiles/perception_msgs__rosidl_generator_c.dir/rosidl_generator_c/perception_msgs/msg/detail/detection_array__functions.c.o[0m
[ 22%] [32mBuilding C object CMakeFiles/perception_msgs__rosidl_generator_c.dir/rosidl_generator_c/perception_msgs/msg/detail/detection_array__type_support.c.o[0m
reading manifest file 'perception_msgs.egg-info/SOURCES.txt'
writing manifest file 'perception_msgs.egg-info/SOURCES.txt'
[ 24%] [32m[1mLinking C shared library libperception_msgs__rosidl_generator_c.so[0m
[ 24%] Built target ament_cmake_python_build_perception_msgs_egg
[ 24%] Built target perception_msgs__rosidl_generator_c
[ 26%] [34m[1mGenerating C type support for eProsima Fast-RTPS[0m
[ 28%] [34m[1mGenerating C type support dispatch for ROS interfaces[0m
[ 31%] [34m[1mGenerating C++ type support for eProsima Fast-RTPS[0m
[ 33%] [34m[1mGenerating C++ type support dispatch for ROS interfaces[0m
[ 35%] [34m[1mGenerating C introspection for ROS interfaces[0m
[ 37%] [34m[1mGenerating C++ introspection for ROS interfaces[0m
[ 46%] [32mBuilding CXX object CMakeFiles/perception_msgs__rosidl_typesupport_c.dir/rosidl_typesupport_c/perception_msgs/msg/detection_array__type_support.cpp.o[0m
[ 46%] [32mBuilding CXX object CMakeFiles/perception_msgs__rosidl_typesupport_cpp.dir/rosidl_typesupport_cpp/perception_msgs/msg/detection__type_support.cpp.o[0m
[ 46%] [32mBuilding CXX object CMakeFiles/perception_msgs__rosidl_typesupport_c.dir/rosidl_typesupport_c/perception_msgs/msg/detection__type_support.cpp.o[0m
[ 46%] [32mBuilding CXX object CMakeFiles/perception_msgs__rosidl_typesupport_cpp.dir/rosidl_typesupport_cpp/perception_msgs/msg/detection_array__type_support.cpp.o[0m
[ 48%] [32mBuilding CXX object CMakeFiles/perception_msgs__rosidl_typesupport_introspection_cpp.dir/rosidl_typesupport_introspection_cpp/perception_msgs/msg/detail/detection__type_support.cpp.o[0m
[ 51%] [32mBuilding CXX object CMakeFiles/perception_msgs__rosidl_typesupport_introspection_cpp.dir/rosidl_typesupport_introspection_cpp/perception_msgs/msg/detail/detection_array__type_support.cpp.o[0m
[ 53%] [32mBuilding C object CMakeFiles/perception_msgs__rosidl_typesupport_introspection_c.dir/rosidl_typesupport_introspection_c/perception_msgs/msg/detail/detection__type_support.c.o[0m
[ 55%] [32mBuilding C object CMakeFiles/perception_msgs__rosidl_typesupport_introspection_c.dir/rosidl_typesupport_introspection_c/perception_msgs/msg/detail/detection_array__type_support.c.o[0m
[ 57%] [32mBuilding CXX object CMakeFiles/perception_msgs__rosidl_typesupport_fastrtps_cpp.dir/rosidl_typesupport_fastrtps_cpp/perception_msgs/msg/detail/dds_fastrtps/detection__type_support.cpp.o[0m
[ 60%] [32mBuilding CXX object CMakeFiles/perception_msgs__rosidl_typesupport_fastrtps_cpp.dir/rosidl_typesupport_fastrtps_cpp/perception_msgs/msg/detail/dds_fastrtps/detection_array__type_support.cpp.o[0m
[ 62%] [32mBuilding CXX object CMakeFiles/perception_msgs__rosidl_typesupport_fastrtps_c.dir/rosidl_typesupport_fastrtps_c/perception_msgs/msg/detail/detection__type_support_c.cpp.o[0m
[ 64%] [32mBuilding CXX object CMakeFiles/perception_msgs__rosidl_typesupport_fastrtps_c.dir/rosidl_typesupport_fastrtps_c/perception_msgs/msg/detail/detection_array__type_support_c.cpp.o[0m
[ 68%] [32m[1mLinking C shared library libperception_msgs__rosidl_typesupport_introspection_c.so[0m
[ 68%] [32m[1mLinking CXX shared library libperception_msgs__rosidl_typesupport_c.so[0m
[ 68%] Built target perception_msgs__rosidl_typesupport_introspection_c
[ 68%] Built target perception_msgs__rosidl_typesupport_c
[ 71%] [32m[1mLinking CXX shared library libperception_msgs__rosidl_typesupport_cpp.so[0m
[ 71%] Built target perception_msgs__rosidl_typesupport_cpp
[ 73%] [32m[1mLinking CXX shared library libperception_msgs__rosidl_typesupport_introspection_cpp.so[0m
[ 73%] Built target perception_msgs__rosidl_typesupport_introspection_cpp
[ 75%] [32m[1mLinking CXX shared library libperception_msgs__rosidl_typesupport_fastrtps_c.so[0m
[ 77%] [32m[1mLinking CXX shared library libperception_msgs__rosidl_typesupport_fastrtps_cpp.so[0m
[ 77%] Built target perception_msgs__rosidl_typesupport_fastrtps_c
[ 77%] Built target perception_msgs__rosidl_typesupport_fastrtps_cpp
[ 77%] Built target perception_msgs
[ 80%] [34m[1mGenerating Python code for ROS interfaces[0m
[ 80%] Built target perception_msgs__py
[ 82%] [32mBuilding C object CMakeFiles/perception_msgs__rosidl_generator_py.dir/rosidl_generator_py/perception_msgs/msg/_detection_s.c.o[0m
[ 84%] [32mBuilding C object CMakeFiles/perception_msgs__rosidl_generator_py.dir/rosidl_generator_py/perception_msgs/msg/_detection_array_s.c.o[0m
[ 86%] [32m[1mLinking C shared library libperception_msgs__rosidl_generator_py.so[0m
[ 86%] Built target perception_msgs__rosidl_generator_py
[ 93%] [32mBuilding C object CMakeFiles/perception_msgs_s__rosidl_typesupport_c.dir/rosidl_generator_py/perception_msgs/_perception_msgs_s.ep.rosidl_typesupport_c.c.o[0m
[ 93%] [32mBuilding C object CMakeFiles/perception_msgs_s__rosidl_typesupport_fastrtps_c.dir/rosidl_generator_py/perception_msgs/_perception_msgs_s.ep.rosidl_typesupport_fastrtps_c.c.o[0m
[ 93%] [32mBuilding C object CMakeFiles/perception_msgs_s__rosidl_typesupport_introspection_c.dir/rosidl_generator_py/perception_msgs/_perception_msgs_s.ep.rosidl_typesupport_introspection_c.c.o[0m
[ 97%] [32m[1mLinking C shared module rosidl_generator_py/perception_msgs/perception_msgs_s__rosidl_typesupport_c.so[0m
[ 97%] [32m[1mLinking C shared module rosidl_generator_py/perception_msgs/perception_msgs_s__rosidl_typesupport_introspection_c.so[0m
[100%] [32m[1mLinking C shared module rosidl_generator_py/perception_msgs/perception_msgs_s__rosidl_typesupport_fastrtps_c.so[0m
[100%] Built target perception_msgs_s__rosidl_typesupport_introspection_c
[100%] Built target perception_msgs_s__rosidl_typesupport_c
[100%] Built target perception_msgs_s__rosidl_typesupport_fastrtps_c
-- Install configuration: ""
-- Installing: /root/ros2_ws/install/perception_msgs/share/ament_index/resource_index/rosidl_interfaces/perception_msgs
-- Installing: /root/ros2_ws/install/perception_msgs/share/perception_msgs/msg/Detection.json
-- Installing: /root/ros2_ws/install/perception_msgs/share/perception_msgs/msg/DetectionArray.json
-- Installing: /root/ros2_ws/install/perception_msgs/include/perception_msgs/perception_msgs
-- Installing: /root/ros2_ws/install/perception_msgs/include/perception_msgs/perception_msgs/msg
-- Installing: /root/ros2_ws/install/perception_msgs/include/perception_msgs/perception_msgs/msg/detection_array.h
-- Installing: /root/ros2_ws/install/perception_msgs/include/perception_msgs/perception_msgs/msg/detection.h
-- Installing: /root/ros2_ws/install/perception_msgs/include/perception_msgs/perception_msgs/msg/rosidl_generator_c__visibility_control.h
-- Installing: /root/ros2_ws/install/perception_msgs/include/perception_msgs/perception_msgs/msg/detail
-- Installing: /root/ros2_ws/install/perception_msgs/include/perception_msgs/perception_msgs/msg/detail/detection_array__description.c
-- Installing: /root/ros2_ws/install/perception_msgs/include/perception_msgs/perception_msgs/msg/detail/detection__struct.h
-- Installing: /root/ros2_ws/install/perception_msgs/include/perception_msgs/perception_msgs/msg/detail/detection__functions.h
-- Installing: /root/ros2_ws/install/perception_msgs/include/perception_msgs/perception_msgs/msg/detail/detection__type_support.h
-- Installing: /root/ros2_ws/install/perception_msgs/include/perception_msgs/perception_msgs/msg/detail/detection_array__type_support.h
-- Installing: /root/ros2_ws/install/perception_msgs/include/perception_msgs/perception_msgs/msg/detail/detection_array__functions.h
-- Installing: /root/ros2_ws/install/perception_msgs/include/perception_msgs/perception_msgs/msg/detail/detection_array__struct.h
-- Installing: /root/ros2_ws/install/perception_msgs/include/perception_msgs/perception_msgs/msg/detail/detection_array__functions.c
-- Installing: /root/ros2_ws/install/perception_msgs/include/perception_msgs/perception_msgs/msg/detail/detection__type_support.c
-- Installing: /root/ros2_ws/install/perception_msgs/include/perception_msgs/perception_msgs/msg/detail/detection_array__type_support.c
-- Installing: /root/ros2_ws/install/perception_msgs/include/perception_msgs/perception_msgs/msg/detail/detection__functions.c
-- Installing: /root/ros2_ws/install/perception_msgs/include/perception_msgs/perception_msgs/msg/detail/detection__description.c
-- Installing: /root/ros2_ws/install/perception_msgs/share/perception_msgs/environment/library_path.sh
-- Installing: /root/ros2_ws/install/perception_msgs/share/perception_msgs/environment/library_path.dsv
-- Installing: /root/ros2_ws/install/perception_msgs/lib/libperception_msgs__rosidl_generator_c.so
-- Set non-toolchain portion of runtime path of "/root/ros2_ws/install/perception_msgs/lib/libperception_msgs__rosidl_generator_c.so" to ""
-- Up-to-date: /root/ros2_ws/install/perception_msgs/include/perception_msgs/perception_msgs
-- Up-to-date: /root/ros2_ws/install/perception_msgs/include/perception_msgs/perception_msgs/msg
-- Installing: /root/ros2_ws/install/perception_msgs/include/perception_msgs/perception_msgs/msg/rosidl_typesupport_fastrtps_c__visibility_control.h
-- Up-to-date: /root/ros2_ws/install/perception_msgs/include/perception_msgs/perception_msgs/msg/detail
-- Installing: /root/ros2_ws/install/perception_msgs/include/perception_msgs/perception_msgs/msg/detail/detection__rosidl_typesupport_fastrtps_c.h
-- Installing: /root/ros2_ws/install/perception_msgs/include/perception_msgs/perception_msgs/msg/detail/detection_array__rosidl_typesupport_fastrtps_c.h
-- Installing: /root/ros2_ws/install/perception_msgs/lib/libperception_msgs__rosidl_typesupport_fastrtps_c.so
-- Set non-toolchain portion of runtime path of "/root/ros2_ws/install/perception_msgs/lib/libperception_msgs__rosidl_typesupport_fastrtps_c.so" to ""
-- Up-to-date: /root/ros2_ws/install/perception_msgs/include/perception_msgs/perception_msgs
-- Up-to-date: /root/ros2_ws/install/perception_msgs/include/perception_msgs/perception_msgs/msg
-- Up-to-date: /root/ros2_ws/install/perception_msgs/include/perception_msgs/perception_msgs/msg/detail
-- Installing: /root/ros2_ws/install/perception_msgs/include/perception_msgs/perception_msgs/msg/detail/detection__rosidl_typesupport_introspection_c.h
-- Up-to-date: /root/ros2_ws/install/perception_msgs/include/perception_msgs/perception_msgs/msg/detail/detection__type_support.c
-- Up-to-date: /root/ros2_ws/install/perception_msgs/include/perception_msgs/perception_msgs/msg/detail/detection_array__type_support.c
-- Installing: /root/ros2_ws/install/perception_msgs/include/perception_msgs/perception_msgs/msg/detail/detection_array__rosidl_typesupport_introspection_c.h
-- Installing: /root/ros2_ws/install/perception_msgs/include/perception_msgs/perception_msgs/msg/rosidl_typesupport_introspection_c__visibility_control.h
-- Installing: /root/ros2_ws/install/perception_msgs/lib/libperception_msgs__rosidl_typesupport_introspection_c.so
-- Set non-toolchain portion of runtime path of "/root/ros2_ws/install/perception_msgs/lib/libperception_msgs__rosidl_typesupport_introspection_c.so" to ""
-- Installing: /root/ros2_ws/install/perception_msgs/lib/libperception_msgs__rosidl_typesupport_c.so
-- Set non-toolchain portion of runtime path of "/root/ros2_ws/install/perception_msgs/lib/libperception_msgs__rosidl_typesupport_c.so" to ""
-- Up-to-date: /root/ros2_ws/install/perception_msgs/include/perception_msgs/perception_msgs
-- Up-to-date: /root/ros2_ws/install/perception_msgs/include/perception_msgs/perception_msgs/msg
-- Installing: /root/ros2_ws/install/perception_msgs/include/perception_msgs/perception_msgs/msg/detection_array.hpp
-- Installing: /root/ros2_ws/install/perception_msgs/include/perception_msgs/perception_msgs/msg/detection.hpp
-- Up-to-date: /root/ros2_ws/install/perception_msgs/include/perception_msgs/perception_msgs/msg/detail
-- Installing: /root/ros2_ws/install/perception_msgs/include/perception_msgs/perception_msgs/msg/detail/detection__builder.hpp
-- Installing: /root/ros2_ws/install/perception_msgs/include/perception_msgs/perception_msgs/msg/detail/detection_array__type_support.hpp
-- Installing: /root/ros2_ws/install/perception_msgs/include/perception_msgs/perception_msgs/msg/detail/detection__traits.hpp
-- Installing: /root/ros2_ws/install/perception_msgs/include/perception_msgs/perception_msgs/msg/detail/detection_array__traits.hpp
-- Installing: /root/ros2_ws/install/perception_msgs/include/perception_msgs/perception_msgs/msg/detail/detection_array__struct.hpp
-- Installing: /root/ros2_ws/install/perception_msgs/include/perception_msgs/perception_msgs/msg/detail/detection_array__builder.hpp
-- Installing: /root/ros2_ws/install/perception_msgs/include/perception_msgs/perception_msgs/msg/detail/detection__type_support.hpp
-- Installing: /root/ros2_ws/install/perception_msgs/include/perception_msgs/perception_msgs/msg/detail/detection__struct.hpp
-- Installing: /root/ros2_ws/install/perception_msgs/include/perception_msgs/perception_msgs/msg/rosidl_generator_cpp__visibility_control.hpp
-- Up-to-date: /root/ros2_ws/install/perception_msgs/include/perception_msgs/perception_msgs
-- Up-to-date: /root/ros2_ws/install/perception_msgs/include/perception_msgs/perception_msgs/msg
-- Up-to-date: /root/ros2_ws/install/perception_msgs/include/perception_msgs/perception_msgs/msg/detail
-- Installing: /root/ros2_ws/install/perception_msgs/include/perception_msgs/perception_msgs/msg/detail/dds_fastrtps
-- Installing: /root/ros2_ws/install/perception_msgs/include/perception_msgs/perception_msgs/msg/detail/detection_array__rosidl_typesupport_fastrtps_cpp.hpp
-- Installing: /root/ros2_ws/install/perception_msgs/include/perception_msgs/perception_msgs/msg/detail/detection__rosidl_typesupport_fastrtps_cpp.hpp
-- Installing: /root/ros2_ws/install/perception_msgs/include/perception_msgs/perception_msgs/msg/rosidl_typesupport_fastrtps_cpp__visibility_control.h
-- Installing: /root/ros2_ws/install/perception_msgs/lib/libperception_msgs__rosidl_typesupport_fastrtps_cpp.so
-- Set non-toolchain portion of runtime path of "/root/ros2_ws/install/perception_msgs/lib/libperception_msgs__rosidl_typesupport_fastrtps_cpp.so" to ""
-- Up-to-date: /root/ros2_ws/install/perception_msgs/include/perception_msgs/perception_msgs
-- Up-to-date: /root/ros2_ws/install/perception_msgs/include/perception_msgs/perception_msgs/msg
-- Up-to-date: /root/ros2_ws/install/perception_msgs/include/perception_msgs/perception_msgs/msg/detail
-- Installing: /root/ros2_ws/install/perception_msgs/include/perception_msgs/perception_msgs/msg/detail/detection_array__type_support.cpp
-- Installing: /root/ros2_ws/install/perception_msgs/include/perception_msgs/perception_msgs/msg/detail/detection__type_support.cpp
-- Installing: /root/ros2_ws/install/perception_msgs/include/perception_msgs/perception_msgs/msg/detail/detection_array__rosidl_typesupport_introspection_cpp.hpp
-- Installing: /root/ros2_ws/install/perception_msgs/include/perception_msgs/perception_msgs/msg/detail/detection__rosidl_typesupport_introspection_cpp.hpp
-- Installing: /root/ros2_ws/install/perception_msgs/lib/libperception_msgs__rosidl_typesupport_introspection_cpp.so
-- Set non-toolchain portion of runtime path of "/root/ros2_ws/install/perception_msgs/lib/libperception_msgs__rosidl_typesupport_introspection_cpp.so" to ""
-- Installing: /root/ros2_ws/install/perception_msgs/lib/libperception_msgs__rosidl_typesupport_cpp.so
-- Set non-toolchain portion of runtime path of "/root/ros2_ws/install/perception_msgs/lib/libperception_msgs__rosidl_typesupport_cpp.so" to ""
-- Installing: /root/ros2_ws/install/perception_msgs/share/perception_msgs/environment/pythonpath.sh
-- Installing: /root/ros2_ws/install/perception_msgs/share/perception_msgs/environment/pythonpath.dsv
-- Installing: /root/ros2_ws/install/perception_msgs/lib/python3.12/site-packages/perception_msgs-0.0.1-py3.12.egg-info
-- Installing: /root/ros2_ws/install/perception_msgs/lib/python3.12/site-packages/perception_msgs-0.0.1-py3.12.egg-info/PKG-INFO
-- Installing: /root/ros2_ws/install/perception_msgs/lib/python3.12/site-packages/perception_msgs-0.0.1-py3.12.egg-info/dependency_links.txt
-- Installing: /root/ros2_ws/install/perception_msgs/lib/python3.12/site-packages/perception_msgs-0.0.1-py3.12.egg-info/SOURCES.txt
-- Installing: /root/ros2_ws/install/perception_msgs/lib/python3.12/site-packages/perception_msgs-0.0.1-py3.12.egg-info/top_level.txt
-- Installing: /root/ros2_ws/install/perception_msgs/lib/python3.12/site-packages/perception_msgs
-- Installing: /root/ros2_ws/install/perception_msgs/lib/python3.12/site-packages/perception_msgs/_perception_msgs_s.ep.rosidl_typesupport_fastrtps_c.c
-- Installing: /root/ros2_ws/install/perception_msgs/lib/python3.12/site-packages/perception_msgs/_perception_msgs_s.ep.rosidl_typesupport_introspection_c.c
-- Installing: /root/ros2_ws/install/perception_msgs/lib/python3.12/site-packages/perception_msgs/msg
-- Installing: /root/ros2_ws/install/perception_msgs/lib/python3.12/site-packages/perception_msgs/msg/_detection_array.py
-- Installing: /root/ros2_ws/install/perception_msgs/lib/python3.12/site-packages/perception_msgs/msg/_detection_array_s.c
-- Installing: /root/ros2_ws/install/perception_msgs/lib/python3.12/site-packages/perception_msgs/msg/_detection.py
-- Installing: /root/ros2_ws/install/perception_msgs/lib/python3.12/site-packages/perception_msgs/msg/_detection_s.c
-- Installing: /root/ros2_ws/install/perception_msgs/lib/python3.12/site-packages/perception_msgs/msg/__init__.py
-- Installing: /root/ros2_ws/install/perception_msgs/lib/python3.12/site-packages/perception_msgs/perception_msgs_s__rosidl_typesupport_c.so
-- Installing: /root/ros2_ws/install/perception_msgs/lib/python3.12/site-packages/perception_msgs/perception_msgs_s__rosidl_typesupport_introspection_c.so
-- Installing: /root/ros2_ws/install/perception_msgs/lib/python3.12/site-packages/perception_msgs/_perception_msgs_s.ep.rosidl_typesupport_c.c
-- Installing: /root/ros2_ws/install/perception_msgs/lib/python3.12/site-packages/perception_msgs/perception_msgs_s__rosidl_typesupport_fastrtps_c.so
-- Installing: /root/ros2_ws/install/perception_msgs/lib/python3.12/site-packages/perception_msgs/__init__.py
Listing '/root/ros2_ws/install/perception_msgs/lib/python3.12/site-packages/perception_msgs'...
Compiling '/root/ros2_ws/install/perception_msgs/lib/python3.12/site-packages/perception_msgs/__init__.py'...
Listing '/root/ros2_ws/install/perception_msgs/lib/python3.12/site-packages/perception_msgs/msg'...
Compiling '/root/ros2_ws/install/perception_msgs/lib/python3.12/site-packages/perception_msgs/msg/__init__.py'...
Compiling '/root/ros2_ws/install/perception_msgs/lib/python3.12/site-packages/perception_msgs/msg/_detection.py'...
Compiling '/root/ros2_ws/install/perception_msgs/lib/python3.12/site-packages/perception_msgs/msg/_detection_array.py'...
-- Installing: /root/ros2_ws/install/perception_msgs/lib/python3.12/site-packages/perception_msgs/perception_msgs_s__rosidl_typesupport_fastrtps_c.so
-- Set non-toolchain portion of runtime path of "/root/ros2_ws/install/perception_msgs/lib/python3.12/site-packages/perception_msgs/perception_msgs_s__rosidl_typesupport_fastrtps_c.so" to ""
-- Installing: /root/ros2_ws/install/perception_msgs/lib/python3.12/site-packages/perception_msgs/perception_msgs_s__rosidl_typesupport_introspection_c.so
-- Set non-toolchain portion of runtime path of "/root/ros2_ws/install/perception_msgs/lib/python3.12/site-packages/perception_msgs/perception_msgs_s__rosidl_typesupport_introspection_c.so" to ""
-- Installing: /root/ros2_ws/install/perception_msgs/lib/python3.12/site-packages/perception_msgs/perception_msgs_s__rosidl_typesupport_c.so
-- Set non-toolchain portion of runtime path of "/root/ros2_ws/install/perception_msgs/lib/python3.12/site-packages/perception_msgs/perception_msgs_s__rosidl_typesupport_c.so" to ""
-- Installing: /root/ros2_ws/install/perception_msgs/lib/libperception_msgs__rosidl_generator_py.so
-- Set non-toolchain portion of runtime path of "/root/ros2_ws/install/perception_msgs/lib/libperception_msgs__rosidl_generator_py.so" to ""
-- Installing: /root/ros2_ws/install/perception_msgs/share/ament_index/resource_index/rust_packages/perception_msgs
-- Installing: /root/ros2_ws/install/perception_msgs/share/perception_msgs/rust
-- Installing: /root/ros2_ws/install/perception_msgs/share/perception_msgs/rust/Cargo.toml
-- Installing: /root/ros2_ws/install/perception_msgs/share/perception_msgs/rust/build.rs
-- Installing: /root/ros2_ws/install/perception_msgs/share/perception_msgs/rust/src
-- Installing: /root/ros2_ws/install/perception_msgs/share/perception_msgs/rust/src/msg.rs
-- Installing: /root/ros2_ws/install/perception_msgs/share/perception_msgs/rust/src/lib.rs
-- Installing: /root/ros2_ws/install/perception_msgs/share/perception_msgs/rust/src/msg
-- Installing: /root/ros2_ws/install/perception_msgs/share/perception_msgs/rust/src/msg/rmw.rs
-- Installing: /root/ros2_ws/install/perception_msgs/share/perception_msgs/msg/Detection.idl
-- Installing: /root/ros2_ws/install/perception_msgs/share/perception_msgs/msg/DetectionArray.idl
-- Installing: /root/ros2_ws/install/perception_msgs/share/perception_msgs/msg/Detection.msg
-- Installing: /root/ros2_ws/install/perception_msgs/share/perception_msgs/msg/DetectionArray.msg
-- Up-to-date: /root/ros2_ws/install/perception_msgs/share/ament_index/resource_index/package_run_dependencies/perception_msgs
-- Up-to-date: /root/ros2_ws/install/perception_msgs/share/ament_index/resource_index/parent_prefix_path/perception_msgs
-- Up-to-date: /root/ros2_ws/install/perception_msgs/share/perception_msgs/environment/ament_prefix_path.sh
-- Up-to-date: /root/ros2_ws/install/perception_msgs/share/perception_msgs/environment/ament_prefix_path.dsv
-- Up-to-date: /root/ros2_ws/install/perception_msgs/share/perception_msgs/environment/path.sh
-- Up-to-date: /root/ros2_ws/install/perception_msgs/share/perception_msgs/environment/path.dsv
-- Up-to-date: /root/ros2_ws/install/perception_msgs/share/perception_msgs/local_setup.bash
-- Installing: /root/ros2_ws/install/perception_msgs/share/perception_msgs/local_setup.sh
-- Up-to-date: /root/ros2_ws/install/perception_msgs/share/perception_msgs/local_setup.zsh
-- Installing: /root/ros2_ws/install/perception_msgs/share/perception_msgs/local_setup.dsv
-- Installing: /root/ros2_ws/install/perception_msgs/share/perception_msgs/package.dsv
-- Up-to-date: /root/ros2_ws/install/perception_msgs/share/ament_index/resource_index/packages/perception_msgs
-- Installing: /root/ros2_ws/install/perception_msgs/share/perception_msgs/cmake/export_perception_msgs__rosidl_generator_cExport.cmake
-- Installing: /root/ros2_ws/install/perception_msgs/share/perception_msgs/cmake/export_perception_msgs__rosidl_generator_cExport-noconfig.cmake
-- Installing: /root/ros2_ws/install/perception_msgs/share/perception_msgs/cmake/export_perception_msgs__rosidl_typesupport_fastrtps_cExport.cmake
-- Installing: /root/ros2_ws/install/perception_msgs/share/perception_msgs/cmake/export_perception_msgs__rosidl_typesupport_fastrtps_cExport-noconfig.cmake
-- Installing: /root/ros2_ws/install/perception_msgs/share/perception_msgs/cmake/perception_msgs__rosidl_typesupport_introspection_cExport.cmake
-- Installing: /root/ros2_ws/install/perception_msgs/share/perception_msgs/cmake/perception_msgs__rosidl_typesupport_introspection_cExport-noconfig.cmake
-- Installing: /root/ros2_ws/install/perception_msgs/share/perception_msgs/cmake/perception_msgs__rosidl_typesupport_cExport.cmake
-- Installing: /root/ros2_ws/install/perception_msgs/share/perception_msgs/cmake/perception_msgs__rosidl_typesupport_cExport-noconfig.cmake
-- Installing: /root/ros2_ws/install/perception_msgs/share/perception_msgs/cmake/export_perception_msgs__rosidl_generator_cppExport.cmake
-- Installing: /root/ros2_ws/install/perception_msgs/share/perception_msgs/cmake/export_perception_msgs__rosidl_typesupport_fastrtps_cppExport.cmake
-- Installing: /root/ros2_ws/install/perception_msgs/share/perception_msgs/cmake/export_perception_msgs__rosidl_typesupport_fastrtps_cppExport-noconfig.cmake
-- Installing: /root/ros2_ws/install/perception_msgs/share/perception_msgs/cmake/perception_msgs__rosidl_typesupport_introspection_cppExport.cmake
-- Installing: /root/ros2_ws/install/perception_msgs/share/perception_msgs/cmake/perception_msgs__rosidl_typesupport_introspection_cppExport-noconfig.cmake
-- Installing: /root/ros2_ws/install/perception_msgs/share/perception_msgs/cmake/perception_msgs__rosidl_typesupport_cppExport.cmake
-- Installing: /root/ros2_ws/install/perception_msgs/share/perception_msgs/cmake/perception_msgs__rosidl_typesupport_cppExport-noconfig.cmake
-- Installing: /root/ros2_ws/install/perception_msgs/share/perception_msgs/cmake/export_perception_msgs__rosidl_generator_pyExport.cmake
-- Installing: /root/ros2_ws/install/perception_msgs/share/perception_msgs/cmake/export_perception_msgs__rosidl_generator_pyExport-noconfig.cmake
-- Installing: /root/ros2_ws/install/perception_msgs/share/perception_msgs/cmake/rosidl_cmake-extras.cmake
-- Installing: /root/ros2_ws/install/perception_msgs/share/perception_msgs/cmake/ament_cmake_export_dependencies-extras.cmake
-- Installing: /root/ros2_ws/install/perception_msgs/share/perception_msgs/cmake/ament_cmake_export_include_directories-extras.cmake
-- Installing: /root/ros2_ws/install/perception_msgs/share/perception_msgs/cmake/ament_cmake_export_libraries-extras.cmake
-- Installing: /root/ros2_ws/install/perception_msgs/share/perception_msgs/cmake/ament_cmake_export_targets-extras.cmake
-- Installing: /root/ros2_ws/install/perception_msgs/share/perception_msgs/cmake/rosidl_cmake_export_typesupport_targets-extras.cmake
-- Installing: /root/ros2_ws/install/perception_msgs/share/perception_msgs/cmake/rosidl_cmake_export_typesupport_libraries-extras.cmake
-- Installing: /root/ros2_ws/install/perception_msgs/share/perception_msgs/cmake/perception_msgsConfig.cmake
-- Up-to-date: /root/ros2_ws/install/perception_msgs/share/perception_msgs/cmake/perception_msgsConfig-version.cmake
-- Up-to-date: /root/ros2_ws/install/perception_msgs/share/perception_msgs/package.xml
