[0.481s] Invoking command in '/root/ros2_ws/src/depth_perception': PYTHONPATH=/root/ros2_ws/build/depth_perception/prefix_override:/usr/lib/python3/dist-packages/colcon_core/task/python/colcon_distutils_commands:/root/ros2_ws/install/depth_perception/lib/python3.12/site-packages:${PYTHONPATH} /usr/bin/python3 -W ignore:setup.py install is deprecated -W ignore:easy_install command is deprecated setup.py egg_info --egg-base ../../build/depth_perception build --build-base /root/ros2_ws/build/depth_perception/build install --record /root/ros2_ws/build/depth_perception/install.log --single-version-externally-managed install_data
[0.626s] running egg_info
[0.675s] writing ../../build/depth_perception/depth_perception.egg-info/PKG-INFO
[0.676s] writing dependency_links to ../../build/depth_perception/depth_perception.egg-info/dependency_links.txt
[0.676s] writing entry points to ../../build/depth_perception/depth_perception.egg-info/entry_points.txt
[0.676s] writing requirements to ../../build/depth_perception/depth_perception.egg-info/requires.txt
[0.676s] writing top-level names to ../../build/depth_perception/depth_perception.egg-info/top_level.txt
[0.697s] reading manifest file '../../build/depth_perception/depth_perception.egg-info/SOURCES.txt'
[0.697s] writing manifest file '../../build/depth_perception/depth_perception.egg-info/SOURCES.txt'
[0.699s] running build
[0.699s] running build_py
[0.699s] running install
[0.701s] running install_lib
[0.711s] running install_data
[0.712s] running install_egg_info
[0.723s] removing '/root/ros2_ws/install/depth_perception/lib/python3.12/site-packages/depth_perception-0.0.1-py3.12.egg-info' (and everything under it)
[0.725s] Copying ../../build/depth_perception/depth_perception.egg-info to /root/ros2_ws/install/depth_perception/lib/python3.12/site-packages/depth_perception-0.0.1-py3.12.egg-info
[0.725s] running install_scripts
[0.754s] Installing depth_node script to /root/ros2_ws/install/depth_perception/lib/depth_perception
[0.754s] Installing ground_segmentation_node script to /root/ros2_ws/install/depth_perception/lib/depth_perception
[0.755s] writing list of installed files to '/root/ros2_ws/build/depth_perception/install.log'
[0.775s] Invoked command in '/root/ros2_ws/src/depth_perception' returned '0': PYTHONPATH=/root/ros2_ws/build/depth_perception/prefix_override:/usr/lib/python3/dist-packages/colcon_core/task/python/colcon_distutils_commands:/root/ros2_ws/install/depth_perception/lib/python3.12/site-packages:${PYTHONPATH} /usr/bin/python3 -W ignore:setup.py install is deprecated -W ignore:easy_install command is deprecated setup.py egg_info --egg-base ../../build/depth_perception build --build-base /root/ros2_ws/build/depth_perception/build install --record /root/ros2_ws/build/depth_perception/install.log --single-version-externally-managed install_data
