[0.470s] Invoking command in '/root/ros2_ws/src/yolo_detector': PYTHONPATH=/root/ros2_ws/build/yolo_detector/prefix_override:/usr/lib/python3/dist-packages/colcon_core/task/python/colcon_distutils_commands:/root/ros2_ws/install/yolo_detector/lib/python3.12/site-packages:/root/ros2_ws/install/perception_msgs/lib/python3.12/site-packages:/root/ros2_ws/install/yolo_detector/lib/python3.12/site-packages:/opt/ros/jazzy/lib/python3.12/site-packages /usr/bin/python3 -W ignore:setup.py install is deprecated -W ignore:easy_install command is deprecated setup.py egg_info --egg-base ../../build/yolo_detector build --build-base /root/ros2_ws/build/yolo_detector/build install --record /root/ros2_ws/build/yolo_detector/install.log --single-version-externally-managed install_data
[0.612s] running egg_info
[0.660s] writing ../../build/yolo_detector/yolo_detector.egg-info/PKG-INFO
[0.660s] writing dependency_links to ../../build/yolo_detector/yolo_detector.egg-info/dependency_links.txt
[0.662s] writing entry points to ../../build/yolo_detector/yolo_detector.egg-info/entry_points.txt
[0.662s] writing requirements to ../../build/yolo_detector/yolo_detector.egg-info/requires.txt
[0.662s] writing top-level names to ../../build/yolo_detector/yolo_detector.egg-info/top_level.txt
[0.680s] reading manifest file '../../build/yolo_detector/yolo_detector.egg-info/SOURCES.txt'
[0.680s] writing manifest file '../../build/yolo_detector/yolo_detector.egg-info/SOURCES.txt'
[0.681s] running build
[0.681s] running build_py
[0.681s] running install
[0.685s] running install_lib
[0.694s] running install_data
[0.694s] running install_egg_info
[0.704s] removing '/root/ros2_ws/install/yolo_detector/lib/python3.12/site-packages/yolo_detector-0.0.1-py3.12.egg-info' (and everything under it)
[0.705s] Copying ../../build/yolo_detector/yolo_detector.egg-info to /root/ros2_ws/install/yolo_detector/lib/python3.12/site-packages/yolo_detector-0.0.1-py3.12.egg-info
[0.705s] running install_scripts
[0.735s] Installing detector_node script to /root/ros2_ws/install/yolo_detector/lib/yolo_detector
[0.735s] writing list of installed files to '/root/ros2_ws/build/yolo_detector/install.log'
[0.756s] Invoked command in '/root/ros2_ws/src/yolo_detector' returned '0': PYTHONPATH=/root/ros2_ws/build/yolo_detector/prefix_override:/usr/lib/python3/dist-packages/colcon_core/task/python/colcon_distutils_commands:/root/ros2_ws/install/yolo_detector/lib/python3.12/site-packages:/root/ros2_ws/install/perception_msgs/lib/python3.12/site-packages:/root/ros2_ws/install/yolo_detector/lib/python3.12/site-packages:/opt/ros/jazzy/lib/python3.12/site-packages /usr/bin/python3 -W ignore:setup.py install is deprecated -W ignore:easy_install command is deprecated setup.py egg_info --egg-base ../../build/yolo_detector build --build-base /root/ros2_ws/build/yolo_detector/build install --record /root/ros2_ws/build/yolo_detector/install.log --single-version-externally-managed install_data
