running egg_info
writing ../../build/depth_perception/depth_perception.egg-info/PKG-INFO
writing dependency_links to ../../build/depth_perception/depth_perception.egg-info/dependency_links.txt
writing entry points to ../../build/depth_perception/depth_perception.egg-info/entry_points.txt
writing requirements to ../../build/depth_perception/depth_perception.egg-info/requires.txt
writing top-level names to ../../build/depth_perception/depth_perception.egg-info/top_level.txt
reading manifest file '../../build/depth_perception/depth_perception.egg-info/SOURCES.txt'
writing manifest file '../../build/depth_perception/depth_perception.egg-info/SOURCES.txt'
running build
running build_py
copying depth_perception/ground_segmentation_node.py -> /root/ros2_ws/build/depth_perception/build/lib/depth_perception
running install
running install_lib
copying /root/ros2_ws/build/depth_perception/build/lib/depth_perception/ground_segmentation_node.py -> /root/ros2_ws/install/depth_perception/lib/python3.12/site-packages/depth_perception
byte-compiling /root/ros2_ws/install/depth_perception/lib/python3.12/site-packages/depth_perception/ground_segmentation_node.py to ground_segmentation_node.cpython-312.pyc
running install_data
creating /root/ros2_ws/install/depth_perception/share/depth_perception/launch
copying launch/depth.launch.py -> /root/ros2_ws/install/depth_perception/share/depth_perception/launch
creating /root/ros2_ws/install/depth_perception/share/depth_perception/rviz
copying rviz/depth.rviz -> /root/ros2_ws/install/depth_perception/share/depth_perception/rviz
running install_egg_info
Copying ../../build/depth_perception/depth_perception.egg-info to /root/ros2_ws/install/depth_perception/lib/python3.12/site-packages/depth_perception-0.0.1-py3.12.egg-info
running install_scripts
Installing depth_node script to /root/ros2_ws/install/depth_perception/lib/depth_perception
Installing ground_segmentation_node script to /root/ros2_ws/install/depth_perception/lib/depth_perception
writing list of installed files to '/root/ros2_ws/build/depth_perception/install.log'
