[0.007s] Invoking command in '/root/ros2_ws/build/perception_msgs': CMAKE_PREFIX_PATH=${CMAKE_PREFIX_PATH}:/opt/ros/jazzy /usr/bin/cmake --build /root/ros2_ws/build/perception_msgs -- -j12 -l12
[0.033s] Invoked command in '/root/ros2_ws/build/perception_msgs' returned '0': CMAKE_PREFIX_PATH=${CMAKE_PREFIX_PATH}:/opt/ros/jazzy /usr/bin/cmake --build /root/ros2_ws/build/perception_msgs -- -j12 -l12
[0.040s] Invoking command in '/root/ros2_ws/build/perception_msgs': CMAKE_PREFIX_PATH=${CMAKE_PREFIX_PATH}:/opt/ros/jazzy /usr/bin/cmake --install /root/ros2_ws/build/perception_msgs
[0.044s] -- Install configuration: ""
[0.044s] -- Up-to-date: /root/ros2_ws/install/perception_msgs/share/ament_index/resource_index/package_run_dependencies/perception_msgs
[0.044s] -- Up-to-date: /root/ros2_ws/install/perception_msgs/share/ament_index/resource_index/parent_prefix_path/perception_msgs
[0.045s] -- Up-to-date: /root/ros2_ws/install/perception_msgs/share/perception_msgs/environment/ament_prefix_path.sh
[0.045s] -- Up-to-date: /root/ros2_ws/install/perception_msgs/share/perception_msgs/environment/ament_prefix_path.dsv
[0.045s] -- Up-to-date: /root/ros2_ws/install/perception_msgs/share/perception_msgs/environment/path.sh
[0.045s] -- Up-to-date: /root/ros2_ws/install/perception_msgs/share/perception_msgs/environment/path.dsv
[0.045s] -- Up-to-date: /root/ros2_ws/install/perception_msgs/share/perception_msgs/local_setup.bash
[0.045s] -- Up-to-date: /root/ros2_ws/install/perception_msgs/share/perception_msgs/local_setup.sh
[0.045s] -- Up-to-date: /root/ros2_ws/install/perception_msgs/share/perception_msgs/local_setup.zsh
[0.045s] -- Up-to-date: /root/ros2_ws/install/perception_msgs/share/perception_msgs/local_setup.dsv
[0.045s] -- Installing: /root/ros2_ws/install/perception_msgs/share/perception_msgs/package.dsv
[0.045s] -- Up-to-date: /root/ros2_ws/install/perception_msgs/share/ament_index/resource_index/packages/perception_msgs
[0.045s] -- Up-to-date: /root/ros2_ws/install/perception_msgs/share/perception_msgs/cmake/perception_msgsConfig.cmake
[0.045s] -- Up-to-date: /root/ros2_ws/install/perception_msgs/share/perception_msgs/cmake/perception_msgsConfig-version.cmake
[0.045s] -- Up-to-date: /root/ros2_ws/install/perception_msgs/share/perception_msgs/package.xml
[0.046s] Invoked command in '/root/ros2_ws/build/perception_msgs' returned '0': CMAKE_PREFIX_PATH=${CMAKE_PREFIX_PATH}:/opt/ros/jazzy /usr/bin/cmake --install /root/ros2_ws/build/perception_msgs
